Arguments: 
  C:\Program Files\nodejs\node.exe C:\Program Files (x86)\Yarn\bin\yarn.js add @apollo/gateway apollo-server-express bcryptjs cookie-parser cors dataloader dotenv express: ^4.17.1,

PATH: 
  C:\Program Files\Git\mingw64\bin;C:\Program Files\Git\usr\bin;C:\Users\Abrar\bin;C:\WINDOWS\system32;C:\WINDOWS;C:\WINDOWS\System32\Wbem;C:\WINDOWS\System32\WindowsPowerShell\v1.0;C:\WINDOWS\System32\OpenSSH;C:\Program Files\Git\cmd;C:\Program Files\nodejs;C:\Program Files\dotnet;C:\Program Files\Microsoft SQL Server\Client SDK\ODBC\170\Tools\Binn;C:\Program Files\Intel\WiFi\bin;C:\Program Files\Common Files\Intel\WirelessCommon;C:\Program Files\Microsoft SQL Server\Client SDK\ODBC\130\Tools\Binn;C:\Program Files (x86)\Yarn\bin;C:\Program Files\Docker\Docker\resources\bin;C:\ProgramData\DockerDesktop\version-bin;C:\Users\Abrar\AppData\Local\Microsoft\WindowsApps;C:\Users\Abrar\AppData\Local\Programs\Microsoft VS Code\bin;C:\Users\Abrar\AppData\Roaming\npm;C:\Users\Abrar\AppData\Local\Yarn\bin

Yarn version: 
  1.22.0

Node version: 
  12.14.1

Platform: 
  win32 x64

Trace: 
  Error: Invalid URL
      at module.exports.module.exports (C:\Program Files (x86)\Yarn\lib\cli.js:71808:9)
      at urlParts (C:\Program Files (x86)\Yarn\lib\cli.js:31614:75)
      at NpmRegistry.isRequestToRegistry (C:\Program Files (x86)\Yarn\lib\cli.js:31657:19)
      at NpmRegistry.<anonymous> (C:\Program Files (x86)\Yarn\lib\cli.js:31689:31)
      at Generator.next (<anonymous>)
      at step (C:\Program Files (x86)\Yarn\lib\cli.js:310:30)
      at C:\Program Files (x86)\Yarn\lib\cli.js:328:14
      at new Promise (<anonymous>)
      at new F (C:\Program Files (x86)\Yarn\lib\cli.js:5301:28)
      at NpmRegistry.<anonymous> (C:\Program Files (x86)\Yarn\lib\cli.js:307:12)

npm manifest: 
  {
    "name": "api",
    "version": "1.0.0",
    "main": "index.js",
    "author": "ifca",
    "license": "MIT"
  }

yarn manifest: 
  No manifest

Lockfile: 
  No lockfile
